HW 2 Printout for sashank
-----------------------------------------------------
Trace name  				mcf-10M
Load Latency (cycles) 			2
Instruction Limit			499999
Enforcing Register Write Order?		yes

Reached insn limit of 499999. Ending Simulation...
Processed 499999 trace lines.
Num Uops (micro-ops): 			499999
Num Mops (macro-ops): 			436769
Total Execution Time (in cycles): 	611779
CPI (per uop): 				1.224
IPC (per uop): 				0.817
Scoreboard, cycle_count, and CPI calculation are error-free. +5 points

HW 2 Printout for sashank
-----------------------------------------------------
Trace name  				mcf-10M
Load Latency (cycles) 			7
Instruction Limit			499999
Enforcing Register Write Order?		yes

Reached insn limit of 499999. Ending Simulation...
Processed 499999 trace lines.
Num Uops (micro-ops): 			499999
Num Mops (macro-ops): 			436769
Total Execution Time (in cycles): 	1179240
CPI (per uop): 				2.358
IPC (per uop): 				0.424
Scoreboard, cycle_count, and CPI calculation are error-free. +5 points

HW 2 Printout for sashank
-----------------------------------------------------
Trace name  				mcf-10M
Load Latency (cycles) 			12
Instruction Limit			499999
Enforcing Register Write Order?		yes

Reached insn limit of 499999. Ending Simulation...
Processed 499999 trace lines.
Num Uops (micro-ops): 			499999
Num Mops (macro-ops): 			436769
Total Execution Time (in cycles): 	1746730
CPI (per uop): 				3.493
IPC (per uop): 				0.286
Scoreboard, cycle_count, and CPI calculation are error-free. +5 points

HW 2 Printout for sashank
-----------------------------------------------------
Trace name  				mcf-10M
Load Latency (cycles) 			2
Instruction Limit			499999
Enforcing Register Write Order?		no

Reached insn limit of 499999. Ending Simulation...
Processed 499999 trace lines.
Num Uops (micro-ops): 			499999
Num Mops (macro-ops): 			436769
Total Execution Time (in cycles): 	611779
CPI (per uop): 				1.224
IPC (per uop): 				0.817
Scoreboard, cycle_count, and CPI calculation are error-free. +5 points

HW 2 Printout for sashank
-----------------------------------------------------
Trace name  				mcf-10M
Load Latency (cycles) 			7
Instruction Limit			499999
Enforcing Register Write Order?		no

Reached insn limit of 499999. Ending Simulation...
Processed 499999 trace lines.
Num Uops (micro-ops): 			499999
Num Mops (macro-ops): 			436769
Total Execution Time (in cycles): 	1179240
CPI (per uop): 				2.358
IPC (per uop): 				0.424
Scoreboard, cycle_count, and CPI calculation are error-free. +5 points

HW 2 Printout for sashank
-----------------------------------------------------
Trace name  				mcf-10M
Load Latency (cycles) 			12
Instruction Limit			499999
Enforcing Register Write Order?		no

Reached insn limit of 499999. Ending Simulation...
Processed 499999 trace lines.
Num Uops (micro-ops): 			499999
Num Mops (macro-ops): 			436769
Total Execution Time (in cycles): 	1746730
CPI (per uop): 				3.493
IPC (per uop): 				0.286
Scoreboard, cycle_count, and CPI calculation are error-free. +5 points


POSSIBLE_POINTS:	30
TOTAL_POINTS:    	30
